# JRE version: Java(TM) SE Runtime Environment (22.0.1+8) (build 22.0.1+8-16)
# Java VM: Java HotSpot(TM) 64-Bit Server VM (22.0.1+8-16, mixed mode, sharing, tiered, compressed oops, compressed class ptrs, g1 gc, bsd-aarch64)
Heap:
 garbage-first heap   total reserved 4194304K, committed 264192K, used 62452K [0x0000000700000000, 0x0000000800000000)
  region size 2048K, 27 young (55296K), 1 survivors (2048K)
 Metaspace       used 7835K, committed 8064K, reserved 1114112K
  class space    used 844K, committed 960K, reserved 1048576K
GC Heap History (18 events):
Event: 4.031 GC heap before
{Heap before GC invocations=0 (full 0):
 garbage-first heap   total reserved 4194304K, committed 264192K, used 23569K [0x0000000700000000, 0x0000000800000000)
  region size 2048K, 12 young (24576K), 0 survivors (0K)
 Metaspace       used 7693K, committed 7936K, reserved 1114112K
  class space    used 833K, committed 960K, reserved 1048576K
}
Event: 4.036 GC heap after
{Heap after GC invocations=1 (full 0):
 garbage-first heap   total reserved 4194304K, committed 264192K, used 7526K [0x0000000700000000, 0x0000000800000000)
  region size 2048K, 2 young (4096K), 2 survivors (4096K)
 Metaspace       used 7693K, committed 7936K, reserved 1114112K
  class space    used 833K, committed 960K, reserved 1048576K
}
Event: 27.023 GC heap before
{Heap before GC invocations=1 (full 0):
 garbage-first heap   total reserved 4194304K, committed 264192K, used 42342K [0x0000000700000000, 0x0000000800000000)
  region size 2048K, 19 young (38912K), 2 survivors (4096K)
 Metaspace       used 7790K, committed 8000K, reserved 1114112K
  class space    used 844K, committed 960K, reserved 1048576K
}
Event: 27.025 GC heap after
{Heap after GC invocations=2 (full 0):
 garbage-first heap   total reserved 4194304K, committed 264192K, used 9265K [0x0000000700000000, 0x0000000800000000)
  region size 2048K, 1 young (2048K), 1 survivors (2048K)
 Metaspace       used 7790K, committed 8000K, reserved 1114112K
  class space    used 844K, committed 960K, reserved 1048576K
}
Event: 142.093 GC heap before
{Heap before GC invocations=2 (full 0):
 garbage-first heap   total reserved 4194304K, committed 264192K, used 162865K [0x0000000700000000, 0x0000000800000000)
  region size 2048K, 76 young (155648K), 1 survivors (2048K)
 Metaspace       used 7824K, committed 8064K, reserved 1114112K
  class space    used 844K, committed 960K, reserved 1048576K
}
Event: 142.094 GC heap after
{Heap after GC invocations=3 (full 0):
 garbage-first heap   total reserved 4194304K, committed 264192K, used 9202K [0x0000000700000000, 0x0000000800000000)
  region size 2048K, 1 young (2048K), 1 survivors (2048K)
 Metaspace       used 7824K, committed 8064K, reserved 1114112K
  class space    used 844K, committed 960K, reserved 1048576K
}
Event: 256.761 GC heap before
{Heap before GC invocations=3 (full 0):
 garbage-first heap   total reserved 4194304K, committed 264192K, used 162802K [0x0000000700000000, 0x0000000800000000)
  region size 2048K, 76 young (155648K), 1 survivors (2048K)
 Metaspace       used 7831K, committed 8064K, reserved 1114112K
  class space    used 844K, committed 960K, reserved 1048576K
}
Event: 256.762 GC heap after
{Heap after GC invocations=4 (full 0):
 garbage-first heap   total reserved 4194304K, committed 264192K, used 9204K [0x0000000700000000, 0x0000000800000000)
  region size 2048K, 1 young (2048K), 1 survivors (2048K)
 Metaspace       used 7831K, committed 8064K, reserved 1114112K
  class space    used 844K, committed 960K, reserved 1048576K
}
Event: 372.385 GC heap before
{Heap before GC invocations=4 (full 0):
 garbage-first heap   total reserved 4194304K, committed 264192K, used 162804K [0x0000000700000000, 0x0000000800000000)
  region size 2048K, 76 young (155648K), 1 survivors (2048K)
 Metaspace       used 7832K, committed 8064K, reserved 1114112K
  class space    used 844K, committed 960K, reserved 1048576K
}
Event: 372.387 GC heap after
{Heap after GC invocations=5 (full 0):
 garbage-first heap   total reserved 4194304K, committed 264192K, used 9204K [0x0000000700000000, 0x0000000800000000)
  region size 2048K, 1 young (2048K), 1 survivors (2048K)
 Metaspace       used 7832K, committed 8064K, reserved 1114112K
  class space    used 844K, committed 960K, reserved 1048576K
}
Event: 488.312 GC heap before
{Heap before GC invocations=5 (full 0):
 garbage-first heap   total reserved 4194304K, committed 264192K, used 162804K [0x0000000700000000, 0x0000000800000000)
  region size 2048K, 76 young (155648K), 1 survivors (2048K)
 Metaspace       used 7835K, committed 8064K, reserved 1114112K
  class space    used 844K, committed 960K, reserved 1048576K
}
Event: 488.314 GC heap after
{Heap after GC invocations=6 (full 0):
 garbage-first heap   total reserved 4194304K, committed 264192K, used 9208K [0x0000000700000000, 0x0000000800000000)
  region size 2048K, 1 young (2048K), 1 survivors (2048K)
 Metaspace       used 7835K, committed 8064K, reserved 1114112K
  class space    used 844K, committed 960K, reserved 1048576K
}
Event: 604.888 GC heap before
{Heap before GC invocations=6 (full 0):
 garbage-first heap   total reserved 4194304K, committed 264192K, used 162808K [0x0000000700000000, 0x0000000800000000)
  region size 2048K, 76 young (155648K), 1 survivors (2048K)
 Metaspace       used 7835K, committed 8064K, reserved 1114112K
  class space    used 844K, committed 960K, reserved 1048576K
}
Event: 604.890 GC heap after
{Heap after GC invocations=7 (full 0):
 garbage-first heap   total reserved 4194304K, committed 264192K, used 9206K [0x0000000700000000, 0x0000000800000000)
  region size 2048K, 1 young (2048K), 1 survivors (2048K)
 Metaspace       used 7835K, committed 8064K, reserved 1114112K
  class space    used 844K, committed 960K, reserved 1048576K
}
Event: 722.103 GC heap before
{Heap before GC invocations=7 (full 0):
 garbage-first heap   total reserved 4194304K, committed 264192K, used 162806K [0x0000000700000000, 0x0000000800000000)
  region size 2048K, 76 young (155648K), 1 survivors (2048K)
 Metaspace       used 7835K, committed 8064K, reserved 1114112K
  class space    used 844K, committed 960K, reserved 1048576K
}
Event: 722.104 GC heap after
{Heap after GC invocations=8 (full 0):
 garbage-first heap   total reserved 4194304K, committed 264192K, used 9205K [0x0000000700000000, 0x0000000800000000)
  region size 2048K, 1 young (2048K), 1 survivors (2048K)
 Metaspace       used 7835K, committed 8064K, reserved 1114112K
  class space    used 844K, committed 960K, reserved 1048576K
}
Event: 857.952 GC heap before
{Heap before GC invocations=8 (full 0):
 garbage-first heap   total reserved 4194304K, committed 264192K, used 162805K [0x0000000700000000, 0x0000000800000000)
  region size 2048K, 76 young (155648K), 1 survivors (2048K)
 Metaspace       used 7835K, committed 8064K, reserved 1114112K
  class space    used 844K, committed 960K, reserved 1048576K
}
Event: 857.958 GC heap after
{Heap after GC invocations=9 (full 0):
 garbage-first heap   total reserved 4194304K, committed 264192K, used 9204K [0x0000000700000000, 0x0000000800000000)
  region size 2048K, 1 young (2048K), 1 survivors (2048K)
 Metaspace       used 7835K, committed 8064K, reserved 1114112K
  class space    used 844K, committed 960K, reserved 1048576K
}

